2023-05-06 14:27:40.488  INFO 24324 --- [main] c.e.m.MehdiBenAttiaApplication           : Starting MehdiBenAttiaApplication using Java 1.8.0_362 on Desktop-2578 with PID 24324 (C:\Users\mehdi\IdeaProjects\MehdiBenAttia\target\classes started by mehdi in C:\Users\mehdi\IdeaProjects\MehdiBenAttia)
2023-05-06 14:27:40.490  INFO 24324 --- [main] c.e.m.MehdiBenAttiaApplication           : No active profile set, falling back to 1 default profile: "default"
2023-05-06 14:27:40.988  INFO 24324 --- [main] .s.d.r.c.RepositoryConfigurationDelegate : Bootstrapping Spring Data JPA repositories in DEFAULT mode.
2023-05-06 14:27:41.044  INFO 24324 --- [main] .s.d.r.c.RepositoryConfigurationDelegate : Finished Spring Data repository scanning in 49 ms. Found 6 JPA repository interfaces.
2023-05-06 14:27:41.386  INFO 24324 --- [main] o.s.b.w.embedded.tomcat.TomcatWebServer  : Tomcat initialized with port(s): 9090 (http)
2023-05-06 14:27:41.394  INFO 24324 --- [main] o.apache.catalina.core.StandardService   : Starting service [Tomcat]
2023-05-06 14:27:41.394  INFO 24324 --- [main] org.apache.catalina.core.StandardEngine  : Starting Servlet engine: [Apache Tomcat/9.0.71]
2023-05-06 14:27:41.478  INFO 24324 --- [main] o.a.c.c.C.[Tomcat].[localhost].[/]       : Initializing Spring embedded WebApplicationContext
2023-05-06 14:27:41.478  INFO 24324 --- [main] w.s.c.ServletWebServerApplicationContext : Root WebApplicationContext: initialization completed in 958 ms
2023-05-06 14:27:41.591  INFO 24324 --- [main] o.hibernate.jpa.internal.util.LogHelper  : HHH000204: Processing PersistenceUnitInfo [name: default]
2023-05-06 14:27:41.628  INFO 24324 --- [main] org.hibernate.Version                    : HHH000412: Hibernate ORM core version 5.6.15.Final
2023-05-06 14:27:41.730  INFO 24324 --- [main] o.hibernate.annotations.common.Version   : HCANN000001: Hibernate Commons Annotations {5.1.2.Final}
2023-05-06 14:27:41.845  INFO 24324 --- [main] com.zaxxer.hikari.HikariDataSource       : HikariPool-1 - Starting...
2023-05-06 14:27:41.943  INFO 24324 --- [main] com.zaxxer.hikari.HikariDataSource       : HikariPool-1 - Start completed.
2023-05-06 14:27:41.955  INFO 24324 --- [main] org.hibernate.dialect.Dialect            : HHH000400: Using dialect: org.hibernate.dialect.MySQL55Dialect
2023-05-06 14:27:42.561  INFO 24324 --- [main] o.h.e.t.j.p.i.JtaPlatformInitiator       : HHH000490: Using JtaPlatform implementation: [org.hibernate.engine.transaction.jta.platform.internal.NoJtaPlatform]
2023-05-06 14:27:42.571  INFO 24324 --- [main] j.LocalContainerEntityManagerFactoryBean : Initialized JPA EntityManagerFactory for persistence unit 'default'
2023-05-06 14:27:42.918  WARN 24324 --- [main] JpaBaseConfiguration$JpaWebConfiguration : spring.jpa.open-in-view is enabled by default. Therefore, database queries may be performed during view rendering. Explicitly configure spring.jpa.open-in-view to disable this warning
2023-05-06 14:27:43.157  INFO 24324 --- [main] o.s.b.w.embedded.tomcat.TomcatWebServer  : Tomcat started on port(s): 9090 (http) with context path ''
2023-05-06 14:27:43.164  INFO 24324 --- [main] c.e.m.MehdiBenAttiaApplication           : Started MehdiBenAttiaApplication in 2.977 seconds (JVM running for 3.688)
2023-05-06 14:45:56.442  INFO 24324 --- [SpringApplicationShutdownHook] j.LocalContainerEntityManagerFactoryBean : Closing JPA EntityManagerFactory for persistence unit 'default'
2023-05-06 14:45:56.444  INFO 24324 --- [SpringApplicationShutdownHook] com.zaxxer.hikari.HikariDataSource       : HikariPool-1 - Shutdown initiated...
2023-05-06 14:45:56.451  INFO 24324 --- [SpringApplicationShutdownHook] com.zaxxer.hikari.HikariDataSource       : HikariPool-1 - Shutdown completed.
2023-05-06 14:46:02.694  INFO 16628 --- [main] c.e.m.MehdiBenAttiaApplication           : Starting MehdiBenAttiaApplication using Java 1.8.0_362 on Desktop-2578 with PID 16628 (C:\Users\mehdi\IdeaProjects\MehdiBenAttia\target\classes started by mehdi in C:\Users\mehdi\IdeaProjects\MehdiBenAttia)
2023-05-06 14:46:02.697  INFO 16628 --- [main] c.e.m.MehdiBenAttiaApplication           : No active profile set, falling back to 1 default profile: "default"
2023-05-06 14:46:03.169  INFO 16628 --- [main] .s.d.r.c.RepositoryConfigurationDelegate : Bootstrapping Spring Data JPA repositories in DEFAULT mode.
2023-05-06 14:46:03.228  INFO 16628 --- [main] .s.d.r.c.RepositoryConfigurationDelegate : Finished Spring Data repository scanning in 52 ms. Found 6 JPA repository interfaces.
2023-05-06 14:46:03.696  INFO 16628 --- [main] o.s.b.w.embedded.tomcat.TomcatWebServer  : Tomcat initialized with port(s): 9090 (http)
2023-05-06 14:46:03.703  INFO 16628 --- [main] o.apache.catalina.core.StandardService   : Starting service [Tomcat]
2023-05-06 14:46:03.703  INFO 16628 --- [main] org.apache.catalina.core.StandardEngine  : Starting Servlet engine: [Apache Tomcat/9.0.71]
2023-05-06 14:46:03.783  INFO 16628 --- [main] o.a.c.c.C.[Tomcat].[localhost].[/]       : Initializing Spring embedded WebApplicationContext
2023-05-06 14:46:03.784  INFO 16628 --- [main] w.s.c.ServletWebServerApplicationContext : Root WebApplicationContext: initialization completed in 1058 ms
2023-05-06 14:46:03.913  INFO 16628 --- [main] o.hibernate.jpa.internal.util.LogHelper  : HHH000204: Processing PersistenceUnitInfo [name: default]
2023-05-06 14:46:03.946  INFO 16628 --- [main] org.hibernate.Version                    : HHH000412: Hibernate ORM core version 5.6.15.Final
2023-05-06 14:46:04.088  INFO 16628 --- [main] o.hibernate.annotations.common.Version   : HCANN000001: Hibernate Commons Annotations {5.1.2.Final}
2023-05-06 14:46:04.153  INFO 16628 --- [main] com.zaxxer.hikari.HikariDataSource       : HikariPool-1 - Starting...
2023-05-06 14:46:04.245  INFO 16628 --- [main] com.zaxxer.hikari.HikariDataSource       : HikariPool-1 - Start completed.
2023-05-06 14:46:04.258  INFO 16628 --- [main] org.hibernate.dialect.Dialect            : HHH000400: Using dialect: org.hibernate.dialect.MySQL55Dialect
2023-05-06 14:46:04.802  INFO 16628 --- [main] o.h.e.t.j.p.i.JtaPlatformInitiator       : HHH000490: Using JtaPlatform implementation: [org.hibernate.engine.transaction.jta.platform.internal.NoJtaPlatform]
2023-05-06 14:46:04.811  INFO 16628 --- [main] j.LocalContainerEntityManagerFactoryBean : Initialized JPA EntityManagerFactory for persistence unit 'default'
2023-05-06 14:46:05.281  WARN 16628 --- [main] org.hibernate.orm.deprecation            : HHH90000016: Found use of deprecated 'collection property' syntax in HQL/JPQL query [c.inscriptions.size]; use collection function syntax instead [size(c.inscriptions)].
2023-05-06 14:46:05.541  WARN 16628 --- [main] JpaBaseConfiguration$JpaWebConfiguration : spring.jpa.open-in-view is enabled by default. Therefore, database queries may be performed during view rendering. Explicitly configure spring.jpa.open-in-view to disable this warning
2023-05-06 14:46:05.936  INFO 16628 --- [main] o.s.b.w.embedded.tomcat.TomcatWebServer  : Tomcat started on port(s): 9090 (http) with context path ''
2023-05-06 14:46:05.944  INFO 16628 --- [main] c.e.m.MehdiBenAttiaApplication           : Started MehdiBenAttiaApplication in 3.56 seconds (JVM running for 4.243)
